0 info it worked if it ends with ok
1 verbose cli [ '/usr/local/bin/node',
1 verbose cli   '/usr/local/bin/npm',
1 verbose cli   'install',
1 verbose cli   '-g',
1 verbose cli   'cordova' ]
2 info using npm@1.3.24
3 info using node@v0.10.25
4 verbose cache add [ 'cordova', null ]
5 verbose cache add name=undefined spec="cordova" args=["cordova",null]
6 verbose parsed url { protocol: null,
6 verbose parsed url   slashes: null,
6 verbose parsed url   auth: null,
6 verbose parsed url   host: null,
6 verbose parsed url   port: null,
6 verbose parsed url   hostname: null,
6 verbose parsed url   hash: null,
6 verbose parsed url   search: null,
6 verbose parsed url   query: null,
6 verbose parsed url   pathname: 'cordova',
6 verbose parsed url   path: 'cordova',
6 verbose parsed url   href: 'cordova' }
7 silly lockFile a98f2055-cordova cordova
8 verbose lock cordova /home/sujit/.npm/a98f2055-cordova.lock
9 silly lockFile a98f2055-cordova cordova
10 silly lockFile a98f2055-cordova cordova
11 verbose addNamed [ 'cordova', '' ]
12 verbose addNamed [ null, '*' ]
13 silly lockFile de8d9fad-cordova cordova@
14 verbose lock cordova@ /home/sujit/.npm/de8d9fad-cordova.lock
15 silly addNameRange { name: 'cordova', range: '*', hasData: false }
16 verbose url raw cordova
17 verbose url resolving [ 'https://registry.npmjs.org/', './cordova' ]
18 verbose url resolved https://registry.npmjs.org/cordova
19 info trying registry request attempt 1 at 11:58:04
20 verbose etag "7DZCKGYMADVADJBB8D5GDDZOW"
21 http GET https://registry.npmjs.org/cordova
22 http 200 https://registry.npmjs.org/cordova
23 silly registry.get cb [ 200,
23 silly registry.get   { date: 'Mon, 03 Mar 2014 06:13:05 GMT',
23 silly registry.get     server: 'CouchDB/1.5.0 (Erlang OTP/R16B)',
23 silly registry.get     etag: '"48YYCVALGAEG9S9IP8GUBL0HF"',
23 silly registry.get     'content-type': 'application/json',
23 silly registry.get     via: '1.1 varnish',
23 silly registry.get     'cache-control': 'max-age=1',
23 silly registry.get     'content-length': '269294',
23 silly registry.get     'accept-ranges': 'bytes',
23 silly registry.get     age: '836',
23 silly registry.get     'x-served-by': 'cache-v42-ASH, cache-sn86-SIN',
23 silly registry.get     'x-cache': 'HIT, MISS',
23 silly registry.get     'x-cache-hits': '1, 0',
23 silly registry.get     'x-timer': 'S1393826324.250636816,VS0,VS-166,VE-72,VE861395',
23 silly registry.get     vary: 'Accept',
23 silly registry.get     'keep-alive': 'timeout=10, max=50',
23 silly registry.get     connection: 'Keep-Alive' } ]
24 silly addNameRange number 2 { name: 'cordova', range: '*', hasData: true }
25 silly addNameRange versions [ 'cordova',
25 silly addNameRange   [ '0.0.1',
25 silly addNameRange     '0.0.2',
25 silly addNameRange     '0.0.3',
25 silly addNameRange     '0.0.4',
25 silly addNameRange     '0.0.5',
25 silly addNameRange     '0.0.6',
25 silly addNameRange     '0.0.7',
25 silly addNameRange     '0.0.8',
25 silly addNameRange     '0.0.9',
25 silly addNameRange     '0.1.0',
25 silly addNameRange     '0.1.1',
25 silly addNameRange     '0.1.2',
25 silly addNameRange     '0.1.3',
25 silly addNameRange     '0.1.4',
25 silly addNameRange     '0.1.5',
25 silly addNameRange     '0.1.6',
25 silly addNameRange     '0.1.7',
25 silly addNameRange     '0.1.8',
25 silly addNameRange     '0.1.9',
25 silly addNameRange     '0.1.10',
25 silly addNameRange     '0.1.11',
25 silly addNameRange     '0.1.12',
25 silly addNameRange     '0.1.13',
25 silly addNameRange     '0.1.14',
25 silly addNameRange     '2.2.0',
25 silly addNameRange     '2.3.0',
25 silly addNameRange     '2.3.1',
25 silly addNameRange     '2.3.2',
25 silly addNameRange     '2.3.3',
25 silly addNameRange     '2.3.5',
25 silly addNameRange     '2.3.6',
25 silly addNameRange     '2.4.0',
25 silly addNameRange     '2.4.1',
25 silly addNameRange     '2.4.2',
25 silly addNameRange     '2.4.3',
25 silly addNameRange     '2.4.4',
25 silly addNameRange     '2.4.5',
25 silly addNameRange     '2.4.6',
25 silly addNameRange     '2.4.7',
25 silly addNameRange     '2.4.8',
25 silly addNameRange     '2.4.9',
25 silly addNameRange     '2.4.10',
25 silly addNameRange     '2.5.0',
25 silly addNameRange     '2.5.2',
25 silly addNameRange     '2.5.3',
25 silly addNameRange     '2.5.4',
25 silly addNameRange     '2.5.5',
25 silly addNameRange     '2.6.0',
25 silly addNameRange     '2.6.1',
25 silly addNameRange     '2.6.2',
25 silly addNameRange     '2.7.0-rc.1',
25 silly addNameRange     '2.7.1-rc.1',
25 silly addNameRange     '2.7.2',
25 silly addNameRange     '2.7.3',
25 silly addNameRange     '2.7.4',
25 silly addNameRange     '2.8.0',
25 silly addNameRange     '2.8.1',
25 silly addNameRange     '2.8.2',
25 silly addNameRange     '2.8.3',
25 silly addNameRange     '2.8.4',
25 silly addNameRange     '2.8.5',
25 silly addNameRange     '2.8.6',
25 silly addNameRange     '2.8.7',
25 silly addNameRange     '2.8.8',
25 silly addNameRange     '2.8.9',
25 silly addNameRange     '2.8.10',
25 silly addNameRange     '2.8.11',
25 silly addNameRange     '2.8.12',
25 silly addNameRange     '2.8.13',
25 silly addNameRange     '2.8.14',
25 silly addNameRange     '2.8.15',
25 silly addNameRange     '2.8.16',
25 silly addNameRange     '2.8.17',
25 silly addNameRange     '2.8.18',
25 silly addNameRange     '2.8.19',
25 silly addNameRange     '2.8.20',
25 silly addNameRange     '2.8.21',
25 silly addNameRange     '2.8.22',
25 silly addNameRange     '2.8.23',
25 silly addNameRange     '2.8.24',
25 silly addNameRange     '2.8.25',
25 silly addNameRange     '2.9.0',
25 silly addNameRange     '2.9.1',
25 silly addNameRange     '2.9.2',
25 silly addNameRange     '2.9.3',
25 silly addNameRange     '2.9.4',
25 silly addNameRange     '2.9.5',
25 silly addNameRange     '2.9.6',
25 silly addNameRange     '2.9.7',
25 silly addNameRange     '3.0.0-rc1',
25 silly addNameRange     '3.0.0-rc1-1',
25 silly addNameRange     '3.0.0-rc1-3',
25 silly addNameRange     '3.0.0',
25 silly addNameRange     '3.0.1',
25 silly addNameRange     '3.0.2',
25 silly addNameRange     '3.0.3',
25 silly addNameRange     '3.0.4',
25 silly addNameRange     '3.0.5',
25 silly addNameRange     '3.0.6',
25 silly addNameRange     '3.0.7',
25 silly addNameRange     '3.0.8',
25 silly addNameRange     '3.0.9',
25 silly addNameRange     '3.0.10',
25 silly addNameRange     '3.1.0-0.1.0',
25 silly addNameRange     '3.1.0-0.2.0',
25 silly addNameRange     '3.2.0-rc.1',
25 silly addNameRange     '3.2.0-0.1.0',
25 silly addNameRange     '3.2.0-0.2.0',
25 silly addNameRange     '3.2.0-0.3.0',
25 silly addNameRange     '3.2.0-0.4.0',
25 silly addNameRange     '3.3.0-rc.1',
25 silly addNameRange     '3.3.0-0.1.1',
25 silly addNameRange     '3.3.1-0.1.2',
25 silly addNameRange     '2.9.0-rc1',
25 silly addNameRange     '3.3.1-0.3.0',
25 silly addNameRange     '3.3.1-0.3.1',
25 silly addNameRange     '3.3.1-0.4.1',
25 silly addNameRange     '3.3.1-0.4.2',
25 silly addNameRange     '3.4.0-rc.2',
25 silly addNameRange     '3.4.0-0.1.0',
25 silly addNameRange     '3.4.0-0.1.1',
25 silly addNameRange     '3.4.0-0.1.2' ] ]
26 verbose addNamed [ 'cordova', '3.4.0-0.1.2' ]
27 verbose addNamed [ '3.4.0-0.1.2', '3.4.0-0.1.2' ]
28 silly lockFile c5753751-cordova-3-4-0-0-1-2 cordova@3.4.0-0.1.2
29 verbose lock cordova@3.4.0-0.1.2 /home/sujit/.npm/c5753751-cordova-3-4-0-0-1-2.lock
30 silly lockFile ea031035--cordova-cordova-3-4-0-0-1-2-tgz https://registry.npmjs.org/cordova/-/cordova-3.4.0-0.1.2.tgz
31 verbose lock https://registry.npmjs.org/cordova/-/cordova-3.4.0-0.1.2.tgz /home/sujit/.npm/ea031035--cordova-cordova-3-4-0-0-1-2-tgz.lock
32 verbose addRemoteTarball [ 'https://registry.npmjs.org/cordova/-/cordova-3.4.0-0.1.2.tgz',
32 verbose addRemoteTarball   '42c26d01fd1e28745cf25b9da60fefcff4dedc38' ]
33 silly lockFile ea031035--cordova-cordova-3-4-0-0-1-2-tgz https://registry.npmjs.org/cordova/-/cordova-3.4.0-0.1.2.tgz
34 silly lockFile ea031035--cordova-cordova-3-4-0-0-1-2-tgz https://registry.npmjs.org/cordova/-/cordova-3.4.0-0.1.2.tgz
35 silly lockFile c5753751-cordova-3-4-0-0-1-2 cordova@3.4.0-0.1.2
36 silly lockFile c5753751-cordova-3-4-0-0-1-2 cordova@3.4.0-0.1.2
37 silly lockFile de8d9fad-cordova cordova@
38 silly lockFile de8d9fad-cordova cordova@
39 error Error: EACCES, mkdir '/home/sujit/tmp/npm-5056-g_fqKnjU'
39 error  { [Error: EACCES, mkdir '/home/sujit/tmp/npm-5056-g_fqKnjU']
39 error   errno: 3,
39 error   code: 'EACCES',
39 error   path: '/home/sujit/tmp/npm-5056-g_fqKnjU' }
40 error Please try running this command again as root/Administrator.
41 error System Linux 3.8.0-19-generic
42 error command "/usr/local/bin/node" "/usr/local/bin/npm" "install" "-g" "cordova"
43 error cwd /home/sujit/Projects/back/foodtrade
44 error node -v v0.10.25
45 error npm -v 1.3.24
46 error path /home/sujit/tmp/npm-5056-g_fqKnjU
47 error code EACCES
48 error errno 3
49 error stack Error: EACCES, mkdir '/home/sujit/tmp/npm-5056-g_fqKnjU'
50 verbose exit [ 3, true ]
